Building DAG of jobs...
Using shell: /usr/bin/bash
Provided cores: 12
Rules claiming more threads will be scaled down.
Job counts:
	count	jobs
	1	all
	1	merge_species
	13	split_fna
	15

[Tue May  5 12:48:47 2020]
rule split_fna:
    input: fna/bacteria.10.1.genomic.fna.gz, headers/version_to_header_map.txt, /oak/stanford/groups/smontgom/nicolerg/src/format_refseq/split_species.py
    output: log/split_fna/bacteria.10.done
    log: log/split_fna/bacteria.10.log
    jobid: 2
    wildcards: sample=bacteria.10


[Tue May  5 12:48:47 2020]
rule split_fna:
    input: fna/viral.2.1.genomic.fna.gz, headers/version_to_header_map.txt, /oak/stanford/groups/smontgom/nicolerg/src/format_refseq/split_species.py
    output: log/split_fna/viral.2.done
    log: log/split_fna/viral.2.log
    jobid: 14
    wildcards: sample=viral.2


[Tue May  5 12:48:47 2020]
rule split_fna:
    input: fna/bacteria.1.1.genomic.fna.gz, headers/version_to_header_map.txt, /oak/stanford/groups/smontgom/nicolerg/src/format_refseq/split_species.py
    output: log/split_fna/bacteria.1.done
    log: log/split_fna/bacteria.1.log
    jobid: 3
    wildcards: sample=bacteria.1


[Tue May  5 12:48:47 2020]
rule split_fna:
    input: fna/bacteria.4.1.genomic.fna.gz, headers/version_to_header_map.txt, /oak/stanford/groups/smontgom/nicolerg/src/format_refseq/split_species.py
    output: log/split_fna/bacteria.4.done
    log: log/split_fna/bacteria.4.log
    jobid: 6
    wildcards: sample=bacteria.4


[Tue May  5 12:48:47 2020]
rule split_fna:
    input: fna/bacteria.2.1.genomic.fna.gz, headers/version_to_header_map.txt, /oak/stanford/groups/smontgom/nicolerg/src/format_refseq/split_species.py
    output: log/split_fna/bacteria.2.done
    log: log/split_fna/bacteria.2.log
    jobid: 4
    wildcards: sample=bacteria.2


[Tue May  5 12:48:47 2020]
rule split_fna:
    input: fna/bacteria.8.1.genomic.fna.gz, headers/version_to_header_map.txt, /oak/stanford/groups/smontgom/nicolerg/src/format_refseq/split_species.py
    output: log/split_fna/bacteria.8.done
    log: log/split_fna/bacteria.8.log
    jobid: 10
    wildcards: sample=bacteria.8


[Tue May  5 12:48:47 2020]
rule split_fna:
    input: fna/bacteria.9.1.genomic.fna.gz, headers/version_to_header_map.txt, /oak/stanford/groups/smontgom/nicolerg/src/format_refseq/split_species.py
    output: log/split_fna/bacteria.9.done
    log: log/split_fna/bacteria.9.log
    jobid: 11
    wildcards: sample=bacteria.9


[Tue May  5 12:48:48 2020]
rule split_fna:
    input: fna/bacteria.5.1.genomic.fna.gz, headers/version_to_header_map.txt, /oak/stanford/groups/smontgom/nicolerg/src/format_refseq/split_species.py
    output: log/split_fna/bacteria.5.done
    log: log/split_fna/bacteria.5.log
    jobid: 7
    wildcards: sample=bacteria.5


[Tue May  5 12:48:48 2020]
rule split_fna:
    input: fna/bacteria.3.1.genomic.fna.gz, headers/version_to_header_map.txt, /oak/stanford/groups/smontgom/nicolerg/src/format_refseq/split_species.py
    output: log/split_fna/bacteria.3.done
    log: log/split_fna/bacteria.3.log
    jobid: 5
    wildcards: sample=bacteria.3


[Tue May  5 12:48:48 2020]
rule split_fna:
    input: fna/bacteria.7.1.genomic.fna.gz, headers/version_to_header_map.txt, /oak/stanford/groups/smontgom/nicolerg/src/format_refseq/split_species.py
    output: log/split_fna/bacteria.7.done
    log: log/split_fna/bacteria.7.log
    jobid: 9
    wildcards: sample=bacteria.7


[Tue May  5 12:48:48 2020]
rule split_fna:
    input: fna/bacteria.6.1.genomic.fna.gz, headers/version_to_header_map.txt, /oak/stanford/groups/smontgom/nicolerg/src/format_refseq/split_species.py
    output: log/split_fna/bacteria.6.done
    log: log/split_fna/bacteria.6.log
    jobid: 8
    wildcards: sample=bacteria.6


[Tue May  5 12:48:48 2020]
rule split_fna:
    input: fna/fungi.1.1.genomic.fna.gz, headers/version_to_header_map.txt, /oak/stanford/groups/smontgom/nicolerg/src/format_refseq/split_species.py
    output: log/split_fna/fungi.1.done
    log: log/split_fna/fungi.1.log
    jobid: 12
    wildcards: sample=fungi.1

[Tue May  5 12:48:50 2020]
Finished job 14.
1 of 15 steps (7%) done

[Tue May  5 12:48:50 2020]
rule split_fna:
    input: fna/viral.1.1.genomic.fna.gz, headers/version_to_header_map.txt, /oak/stanford/groups/smontgom/nicolerg/src/format_refseq/split_species.py
    output: log/split_fna/viral.1.done
    log: log/split_fna/viral.1.log
    jobid: 13
    wildcards: sample=viral.1

[Tue May  5 12:48:51 2020]
Finished job 13.
2 of 15 steps (13%) done
[Tue May  5 12:52:21 2020]
Finished job 12.
3 of 15 steps (20%) done
[Tue May  5 12:53:36 2020]
Finished job 7.
4 of 15 steps (27%) done
[Tue May  5 12:53:54 2020]
Finished job 9.
5 of 15 steps (33%) done
[Tue May  5 12:56:17 2020]
Finished job 8.
6 of 15 steps (40%) done
[Tue May  5 12:56:20 2020]
Finished job 4.
7 of 15 steps (47%) done
[Tue May  5 12:56:31 2020]
Finished job 6.
8 of 15 steps (53%) done
[Tue May  5 12:56:33 2020]
Finished job 11.
9 of 15 steps (60%) done
[Tue May  5 12:56:42 2020]
Finished job 5.
10 of 15 steps (67%) done
[Tue May  5 12:56:42 2020]
Finished job 3.
11 of 15 steps (73%) done
[Tue May  5 12:56:49 2020]
Finished job 2.
12 of 15 steps (80%) done
[Tue May  5 12:57:34 2020]
Finished job 10.
13 of 15 steps (87%) done

[Tue May  5 12:57:34 2020]
rule merge_species:
    input: log/split_fna/bacteria.10.done, log/split_fna/bacteria.1.done, log/split_fna/bacteria.2.done, log/split_fna/bacteria.3.done, log/split_fna/bacteria.4.done, log/split_fna/bacteria.5.done, log/split_fna/bacteria.6.done, log/split_fna/bacteria.7.done, log/split_fna/bacteria.8.done, log/split_fna/bacteria.9.done, log/split_fna/fungi.1.done, log/split_fna/viral.1.done, log/split_fna/viral.2.done, /oak/stanford/groups/smontgom/nicolerg/src/format_refseq/merge_temp.sh
    output: log/merge_orgs/merge_orgs.done
    log: log/merge_orgs/all.log
    jobid: 1
    threads: 12

Removing temporary output file log/split_fna/bacteria.10.done.
Removing temporary output file log/split_fna/bacteria.1.done.
Removing temporary output file log/split_fna/bacteria.2.done.
Removing temporary output file log/split_fna/bacteria.3.done.
Removing temporary output file log/split_fna/bacteria.4.done.
Removing temporary output file log/split_fna/bacteria.5.done.
Removing temporary output file log/split_fna/bacteria.6.done.
Removing temporary output file log/split_fna/bacteria.7.done.
Removing temporary output file log/split_fna/bacteria.8.done.
Removing temporary output file log/split_fna/bacteria.9.done.
Removing temporary output file log/split_fna/fungi.1.done.
Removing temporary output file log/split_fna/viral.1.done.
Removing temporary output file log/split_fna/viral.2.done.
[Tue May  5 13:01:19 2020]
Finished job 1.
14 of 15 steps (93%) done

[Tue May  5 13:01:19 2020]
localrule all:
    input: log/merge_orgs/merge_orgs.done
    jobid: 0

Removing temporary output file log/merge_orgs/merge_orgs.done.
[Tue May  5 13:01:19 2020]
Finished job 0.
15 of 15 steps (100%) done
Complete log: /oak/stanford/groups/smontgom/nicolerg/src/format_refseq/.snakemake/log/2020-05-05T124845.209376.snakemake.log
